<?xml version="1.0" encoding="UTF-8"?>
<!-- Generated by org.testng.reporters.JUnitReportReporter -->
<testsuite hostname="LAPTOP-PVF3C24O" failures="0" tests="1" name="com.tms.tests.CompletedCourseRunPageTest" time="26.739" errors="0" timestamp="2021-11-16T17:59:06 IST" skipped="0">
  <testcase classname="com.tms.tests.CompletedCourseRunPageTest" name="ClickonAddCourseRunbuttonfromCoursRunstab" time="26.739"/>
  <system-out/>
</testsuite> <!-- com.tms.tests.CompletedCourseRunPageTest -->
