<?xml version="1.0" encoding="UTF-8"?>
<!-- Generated by org.testng.reporters.JUnitReportReporter -->
<testsuite hostname="LAPTOP-PVF3C24O" failures="0" tests="5" name="com.tms.tests.TraineeListPageTest" time="169.188" errors="0" timestamp="2021-12-15T15:28:42 IST" skipped="0">
  <testcase classname="com.tms.tests.TraineeListPageTest" name="AccessTraineeListTab" time="36.475"/>
  <system-out/>
  <testcase classname="com.tms.tests.TraineeListPageTest" name="AccessSoftBookingsTab" time="25.157"/>
  <system-out/>
  <testcase classname="com.tms.tests.TraineeListPageTest" name="AccessWaitingListTab" time="37.944"/>
  <system-out/>
  <testcase classname="com.tms.tests.TraineeListPageTest" name="AccessPaymentsListTab" time="45.325"/>
  <system-out/>
  <testcase classname="com.tms.tests.TraineeListPageTest" name="AccessRefershersTab" time="24.287"/>
  <system-out/>
</testsuite> <!-- com.tms.tests.TraineeListPageTest -->
