<?xml version="1.0" encoding="UTF-8"?>
<!-- Generated by org.testng.reporters.JUnitReportReporter -->
<testsuite hostname="LAPTOP-PVF3C24O" failures="0" tests="35" name="com.tms.tests.DashboardPageTest" time="880.897" errors="0" timestamp="2021-11-03T12:25:55 IST" skipped="0">
  <testcase classname="com.tms.tests.DashboardPageTest" name="Menutest" time="24.377"/>
  <system-out/>
  <testcase classname="com.tms.tests.DashboardPageTest" name="Menutest1" time="16.528"/>
  <system-out/>
  <testcase classname="com.tms.tests.DashboardPageTest" name="Menutest2" time="24.210"/>
  <system-out/>
  <testcase classname="com.tms.tests.DashboardPageTest" name="Menutest3" time="26.928"/>
  <system-out/>
  <testcase classname="com.tms.tests.DashboardPageTest" name="Menutest4" time="18.595"/>
  <system-out/>
  <testcase classname="com.tms.tests.DashboardPageTest" name="SubMenutest" time="25.905"/>
  <system-out/>
  <testcase classname="com.tms.tests.DashboardPageTest" name="SubMenutest1" time="25.232"/>
  <system-out/>
  <testcase classname="com.tms.tests.DashboardPageTest" name="SubMenutest2" time="20.096"/>
  <system-out/>
  <testcase classname="com.tms.tests.DashboardPageTest" name="SubMenutest3" time="35.889"/>
  <system-out/>
  <testcase classname="com.tms.tests.DashboardPageTest" name="SubMenutest6" time="20.060"/>
  <system-out/>
  <testcase classname="com.tms.tests.DashboardPageTest" name="SubMenutest5" time="30.735"/>
  <system-out/>
  <testcase classname="com.tms.tests.DashboardPageTest" name="SubMenutest4" time="27.140"/>
  <system-out/>
  <testcase classname="com.tms.tests.DashboardPageTest" name="SubMenutest7" time="25.705"/>
  <system-out/>
  <testcase classname="com.tms.tests.DashboardPageTest" name="SubMenutest8" time="23.201"/>
  <system-out/>
  <testcase classname="com.tms.tests.DashboardPageTest" name="SubMenutest9" time="37.215"/>
  <system-out/>
  <testcase classname="com.tms.tests.DashboardPageTest" name="SubMenutest10" time="24.009"/>
  <system-out/>
  <testcase classname="com.tms.tests.DashboardPageTest" name="SubMenutest11" time="23.155"/>
  <system-out/>
  <testcase classname="com.tms.tests.DashboardPageTest" name="VerifyChangePasswordTest" time="24.641"/>
  <system-out/>
  <testcase classname="com.tms.tests.DashboardPageTest" name="VerifyChangePasswordTest" time="20.248"/>
  <system-out/>
  <testcase classname="com.tms.tests.DashboardPageTest" name="VerifyChangePasswordTest" time="19.433"/>
  <system-out/>
  <testcase classname="com.tms.tests.DashboardPageTest" name="VerifyChangePasswordTest" time="30.575"/>
  <system-out/>
  <testcase classname="com.tms.tests.DashboardPageTest" name="VerifyChangePasswordTest" time="24.470"/>
  <system-out/>
  <testcase classname="com.tms.tests.DashboardPageTest" name="VerifyChangePasswordTest" time="30.164"/>
  <system-out/>
  <testcase classname="com.tms.tests.DashboardPageTest" name="VerifyChangePasswordTest" time="25.313"/>
  <system-out/>
  <testcase classname="com.tms.tests.DashboardPageTest" name="VerifyChangePasswordTest" time="20.200"/>
  <system-out/>
  <testcase classname="com.tms.tests.DashboardPageTest" name="VerifyChangePasswordTest" time="25.287"/>
  <system-out/>
  <testcase classname="com.tms.tests.DashboardPageTest" name="VerifyChangePasswordTest" time="33.254"/>
  <system-out/>
  <testcase classname="com.tms.tests.DashboardPageTest" name="ViewAllNewStudentList" time="29.053"/>
  <system-out/>
  <testcase classname="com.tms.tests.DashboardPageTest" name="ViewAllUpcomingCourseRun" time="28.183"/>
  <system-out/>
  <testcase classname="com.tms.tests.DashboardPageTest" name="ViewbuttonfromListdotsButtonforNewStudentList" time="25.823"/>
  <system-out/>
  <testcase classname="com.tms.tests.DashboardPageTest" name="EditbuttonfromListdotsButtonforNewStudentList" time="18.635"/>
  <system-out/>
  <testcase classname="com.tms.tests.DashboardPageTest" name="ViewButtonListdotsButtonforUpcomingCourseRun" time="27.871"/>
  <system-out/>
  <testcase classname="com.tms.tests.DashboardPageTest" name="StudentlistButtonListdotsButtonforUpcomingCourseRun" time="19.390"/>
  <system-out/>
  <testcase classname="com.tms.tests.DashboardPageTest" name="AttendanceButtonListdotsButtonforUpcomingCourseRun" time="29.832"/>
  <system-out/>
  <testcase classname="com.tms.tests.DashboardPageTest" name="EditButtonListdotsButtonforUpcomingCourseRun" time="19.545"/>
  <system-out/>
</testsuite> <!-- com.tms.tests.DashboardPageTest -->
