<?xml version="1.0" encoding="UTF-8"?>
<!-- Generated by org.testng.reporters.JUnitReportReporter -->
<testsuite hostname="LAPTOP-PVF3C24O" failures="0" tests="1" name="com.tms.tests.StaffPageTest" time="18.356" errors="0" timestamp="2021-11-19T17:19:01 IST" skipped="0">
  <testcase classname="com.tms.tests.StaffPageTest" name="EditRecordTest" time="18.356"/>
  <system-out/>
</testsuite> <!-- com.tms.tests.StaffPageTest -->
