<?xml version="1.0" encoding="UTF-8"?>
<!-- Generated by org.testng.reporters.JUnitReportReporter -->
<testsuite hostname="LAPTOP-PVF3C24O" failures="0" tests="1" name="com.tms.tests.ManagerPageTest" time="21.561" errors="0" timestamp="2021-11-19T17:15:32 IST" skipped="0">
  <testcase classname="com.tms.tests.ManagerPageTest" name="EditManagerRecordTest" time="21.561"/>
  <system-out/>
</testsuite> <!-- com.tms.tests.ManagerPageTest -->
