<?xml version="1.0" encoding="UTF-8"?>
<!-- Generated by org.testng.reporters.JUnitReportReporter -->
<testsuite hostname="LAPTOP-PVF3C24O" failures="0" tests="1" name="com.tms.tests.CourseSoftBookingsPageTest" time="16.843" errors="0" timestamp="2021-11-18T17:40:59 IST" skipped="0">
  <testcase classname="com.tms.tests.CourseSoftBookingsPageTest" name="ViewNotesofCourseSoftBookingsTest" time="16.843"/>
  <system-out/>
</testsuite> <!-- com.tms.tests.CourseSoftBookingsPageTest -->
