<?xml version="1.0" encoding="UTF-8"?>
<!-- Generated by org.testng.reporters.JUnitReportReporter -->
<testsuite hostname="LAPTOP-PVF3C24O" failures="0" tests="1" name="com.tms.tests.TrainerPageTest" time="24.479" errors="0" timestamp="2021-11-19T17:20:58 IST" skipped="0">
  <testcase classname="com.tms.tests.TrainerPageTest" name="EditTrainerRecordTest" time="24.479"/>
  <system-out/>
</testsuite> <!-- com.tms.tests.TrainerPageTest -->
