<?xml version="1.0" encoding="UTF-8"?>
<!-- Generated by org.testng.reporters.JUnitReportReporter -->
<testsuite hostname="LAPTOP-PVF3C24O" failures="0" tests="1" name="com.tms.tests.VenuePageTest" time="16.938" errors="0" timestamp="2021-11-19T17:28:40 IST" skipped="0">
  <testcase classname="com.tms.tests.VenuePageTest" name="AddnewVenueRecordTest" time="16.938"/>
  <system-out/>
</testsuite> <!-- com.tms.tests.VenuePageTest -->
