<?xml version="1.0" encoding="UTF-8"?>
<!-- Generated by org.testng.reporters.JUnitReportReporter -->
<testsuite hostname="LAPTOP-PVF3C24O" failures="0" tests="1" name="com.tms.tests.StudentEnrollmentPageTest" time="19.562" errors="0" timestamp="2021-11-23T17:51:04 IST" skipped="0">
  <testcase classname="com.tms.tests.StudentEnrollmentPageTest" name="FilterBydate" time="19.562"/>
  <system-out/>
</testsuite> <!-- com.tms.tests.StudentEnrollmentPageTest -->
