<?xml version="1.0" encoding="UTF-8"?>
<!-- Generated by org.testng.reporters.JUnitReportReporter -->
<testsuite hostname="LAPTOP-PVF3C24O" failures="0" tests="1" name="com.tms.tests.StudentEnrollmentPageTest" time="17.476" errors="0" timestamp="2021-12-20T18:32:12 IST" skipped="0">
  <testcase classname="com.tms.tests.StudentEnrollmentPageTest" name="EditStudentEnrollmentRecordTest" time="17.476"/>
  <system-out/>
</testsuite> <!-- com.tms.tests.StudentEnrollmentPageTest -->
