<?xml version="1.0" encoding="UTF-8"?>
<!-- Generated by org.testng.reporters.JUnitReportReporter -->
<testsuite hostname="LAPTOP-PVF3C24O" failures="0" tests="1" name="com.tms.tests.ProgramTypePageTest" time="17.460" errors="0" timestamp="2022-01-11T15:10:41 IST" skipped="0">
  <testcase classname="com.tms.tests.ProgramTypePageTest" name="EditProgramType" time="17.460"/>
  <system-out/>
</testsuite> <!-- com.tms.tests.ProgramTypePageTest -->
