<?xml version="1.0" encoding="UTF-8"?>
<!-- Generated by org.testng.reporters.JUnitReportReporter -->
<testsuite hostname="LAPTOP-PVF3C24O" failures="0" tests="5" name="com.tms.tests.TraineeListPageTest" time="110.261" errors="0" timestamp="2021-12-01T18:33:20 IST" skipped="0">
  <testcase classname="com.tms.tests.TraineeListPageTest" name="AccessTraineeListTab" time="22.998"/>
  <system-out/>
  <testcase classname="com.tms.tests.TraineeListPageTest" name="AccessSoftBookingsTab" time="23.270"/>
  <system-out/>
  <testcase classname="com.tms.tests.TraineeListPageTest" name="AccessWaitingListTab" time="20.037"/>
  <system-out/>
  <testcase classname="com.tms.tests.TraineeListPageTest" name="AccessPaymentsListTab" time="21.803"/>
  <system-out/>
  <testcase classname="com.tms.tests.TraineeListPageTest" name="AccessRefershersTab" time="22.153"/>
  <system-out/>
</testsuite> <!-- com.tms.tests.TraineeListPageTest -->
