<?xml version="1.0" encoding="UTF-8"?>
<!-- Generated by org.testng.reporters.JUnitReportReporter -->
<testsuite hostname="LAPTOP-PVF3C24O" failures="0" tests="1" name="com.tms.tests.WaitingListPageTest" time="18.382" errors="0" timestamp="2021-11-19T17:01:49 IST" skipped="0">
  <testcase classname="com.tms.tests.WaitingListPageTest" name="EditWaitingListRecordTest" time="18.382"/>
  <system-out/>
</testsuite> <!-- com.tms.tests.WaitingListPageTest -->
