<?xml version="1.0" encoding="UTF-8"?>
<!-- Generated by org.testng.reporters.JUnitReportReporter -->
<testsuite hostname="LAPTOP-PVF3C24O" failures="0" tests="3" name="com.tms.tests.TraineeListPageTest" time="91.090" errors="0" timestamp="2022-01-11T19:07:02 IST" skipped="0">
  <testcase classname="com.tms.tests.TraineeListPageTest" name="AccessCancelledTraineeListTab" time="31.211"/>
  <system-out/>
  <testcase classname="com.tms.tests.TraineeListPageTest" name="AccessTPGateWayResponseListTab" time="32.036"/>
  <system-out/>
  <testcase classname="com.tms.tests.TraineeListPageTest" name="AccessActivityListTab" time="27.843"/>
  <system-out/>
</testsuite> <!-- com.tms.tests.TraineeListPageTest -->
