<?xml version="1.0" encoding="UTF-8"?>
<!-- Generated by org.testng.reporters.JUnitReportReporter -->
<testsuite hostname="LAPTOP-PVF3C24O" failures="0" tests="7" name="com.tms.tests.TraineeListPageTest" time="161.727" errors="0" timestamp="2022-01-12T16:03:49 IST" skipped="0">
  <testcase classname="com.tms.tests.TraineeListPageTest" name="AccessTraineeListTab" time="25.804"/>
  <system-out/>
  <testcase classname="com.tms.tests.TraineeListPageTest" name="AccessSoftBookingsTab" time="25.446"/>
  <system-out/>
  <testcase classname="com.tms.tests.TraineeListPageTest" name="AccessWaitingListTab" time="24.404"/>
  <system-out/>
  <testcase classname="com.tms.tests.TraineeListPageTest" name="AccessPaymentsListTab" time="17.219"/>
  <system-out/>
  <testcase classname="com.tms.tests.TraineeListPageTest" name="AccessCancelledTraineeListTab" time="24.048"/>
  <system-out/>
  <testcase classname="com.tms.tests.TraineeListPageTest" name="AccessTPGateWayResponseListTab" time="22.523"/>
  <system-out/>
  <testcase classname="com.tms.tests.TraineeListPageTest" name="AccessActivityListTab" time="22.283"/>
  <system-out/>
</testsuite> <!-- com.tms.tests.TraineeListPageTest -->
