<?xml version="1.0" encoding="UTF-8"?>
<!-- Generated by org.testng.reporters.JUnitReportReporter -->
<testsuite hostname="LAPTOP-PVF3C24O" failures="0" tests="1" name="com.tms.tests.CourseSoftBookingsPageTest" time="32.619" errors="0" timestamp="2021-11-17T15:47:05 IST" skipped="0">
  <testcase classname="com.tms.tests.CourseSoftBookingsPageTest" name="AddnewCourseSoftBookingsRecordTest" time="32.619"/>
  <system-out/>
</testsuite> <!-- com.tms.tests.CourseSoftBookingsPageTest -->
